2021-12-28 09:22:17,510 [Worker-4: Loading available Gradle versions] INFO  o.e.b.c.i.u.g.PublishedGradleVersions - Gradle version information cache is up-to-date. Trying to read.
2021-12-29 10:11:08,919 [Worker-3: Loading available Gradle versions] INFO  o.e.b.c.i.u.g.PublishedGradleVersions - Gradle version information cache is out-of-date. Trying to update.
2022-01-03 09:02:59,250 [Worker-2: Loading available Gradle versions] INFO  o.e.b.c.i.u.g.PublishedGradleVersions - Gradle version information cache is out-of-date. Trying to update.
2022-01-04 18:50:48,524 [Worker-5: Loading available Gradle versions] INFO  o.e.b.c.i.u.g.PublishedGradleVersions - Gradle version information cache is out-of-date. Trying to update.
2022-01-05 08:49:22,718 [Worker-3: Loading available Gradle versions] INFO  o.e.b.c.i.u.g.PublishedGradleVersions - Gradle version information cache is up-to-date. Trying to read.
2022-01-06 09:17:11,724 [Worker-2: Loading available Gradle versions] INFO  o.e.b.c.i.u.g.PublishedGradleVersions - Gradle version information cache is out-of-date. Trying to update.
2022-01-06 09:51:20,525 [Worker-2: Loading available Gradle versions] INFO  o.e.b.c.i.u.g.PublishedGradleVersions - Gradle version information cache is up-to-date. Trying to read.
2022-01-07 20:50:09,982 [Worker-5: Loading available Gradle versions] INFO  o.e.b.c.i.u.g.PublishedGradleVersions - Gradle version information cache is up-to-date. Trying to read.
2022-01-07 20:53:29,825 [Worker-5: Loading available Gradle versions] INFO  o.e.b.c.i.u.g.PublishedGradleVersions - Gradle version information cache is up-to-date. Trying to read.
2022-01-07 20:54:19,152 [Worker-4: Loading available Gradle versions] INFO  o.e.b.c.i.u.g.PublishedGradleVersions - Gradle version information cache is up-to-date. Trying to read.
2022-01-07 20:58:00,789 [Worker-4: Loading available Gradle versions] INFO  o.e.b.c.i.u.g.PublishedGradleVersions - Gradle version information cache is up-to-date. Trying to read.
2022-01-07 21:01:23,803 [Worker-2: Loading available Gradle versions] INFO  o.e.b.c.i.u.g.PublishedGradleVersions - Gradle version information cache is up-to-date. Trying to read.
2022-01-07 23:42:19,086 [Worker-3: Loading available Gradle versions] INFO  o.e.b.c.i.u.g.PublishedGradleVersions - Gradle version information cache is up-to-date. Trying to read.
2022-01-08 00:07:29,211 [main] INFO  org.eclipse.jetty.server.Server - jetty-10.0.6; built: 2021-06-29T15:28:56.259Z; git: 37e7731b4b142a882d73974ff3bec78d621bd674; jvm 11.0.13+10-LTS-370
2022-01-08 00:07:29,252 [main] INFO  o.e.j.s.s.DefaultSessionIdManager - Session workerName=node0
2022-01-08 00:07:29,323 [main] INFO  o.e.j.server.handler.ContextHandler - Started o.e.j.s.ServletContextHandler@19569e44{/wse,null,AVAILABLE}
2022-01-08 00:07:29,340 [main] INFO  o.e.jetty.server.AbstractConnector - Started ServerConnector@1bcf0{HTTP/1.1, (http/1.1)}{0.0.0.0:55451}
2022-01-08 00:07:29,355 [main] INFO  org.eclipse.jetty.server.Server - Started Server@5caebb63{STARTING}[10.0.6,sto=0] @1521909ms
2022-01-09 02:24:25,861 [Framework stop - Equinox Container: d3d59ba5-45dc-41f4-a9ca-69043a97d53b] INFO  org.eclipse.jetty.server.Server - Stopped Server@5caebb63{STOPPING}[10.0.6,sto=0]
2022-01-09 02:24:25,882 [Framework stop - Equinox Container: d3d59ba5-45dc-41f4-a9ca-69043a97d53b] INFO  o.e.jetty.server.AbstractConnector - Stopped ServerConnector@1bcf0{HTTP/1.1, (http/1.1)}{0.0.0.0:0}
2022-01-09 02:24:26,064 [Framework stop - Equinox Container: d3d59ba5-45dc-41f4-a9ca-69043a97d53b] INFO  o.e.j.server.handler.ContextHandler - Stopped o.e.j.s.ServletContextHandler@19569e44{/wse,null,STOPPED}
2022-01-09 02:24:59,146 [Worker-0: Loading available Gradle versions] INFO  o.e.b.c.i.u.g.PublishedGradleVersions - Gradle version information cache is out-of-date. Trying to update.
2022-01-09 18:18:29,713 [Worker-3: Loading available Gradle versions] INFO  o.e.b.c.i.u.g.PublishedGradleVersions - Gradle version information cache is up-to-date. Trying to read.
